<?xml version="1.0" encoding="UTF-8"?>
<!-- Generated by org.testng.reporters.JUnitXMLReporter -->
<testsuite ignored="0" hostname="LAPTOP-NTODO2EN" failures="0" tests="6" name="Default test" time="27.315" errors="0" timestamp="2022-02-01T14:47:27 EST">
  <testcase classname="layertest.testdemo" name="Title" time="0.041"/>
  <testcase classname="layertest.testdemo" name="Signup" time="5.392"/>
  <testcase classname="layertest.testdemo" name="alert" time="4.097"/>
  <testcase classname="layertest.testdemo" name="login" time="5.437"/>
  <testcase classname="layertest.testdemo" name="laptop" time="4.525"/>
  <testcase classname="layertest.testdemo" name="cart" time="7.579"/>
</testsuite> <!-- Default test -->
