<?xml version="1.0" encoding="UTF-8"?>
<testng-results ignored="0" total="6" passed="6" failed="0" skipped="0">
  <reporter-output>
  </reporter-output>
  <suite started-at="2022-02-01T14:47:00 EST" name="Default suite" finished-at="2022-02-01T14:47:27 EST" duration-ms="27315">
    <groups>
    </groups>
    <test started-at="2022-02-01T14:47:00 EST" name="Default test" finished-at="2022-02-01T14:47:27 EST" duration-ms="27315">
      <class name="layertest.testdemo">
        <test-method is-config="true" signature="initsetup()[pri:0, instance:layertest.testdemo@1fa268de]" started-at="2022-02-01T14:46:54 EST" name="initsetup" finished-at="2022-02-01T14:47:00 EST" duration-ms="5598" status="PASS">
          <reporter-output>
          </reporter-output>
        </test-method> <!-- initsetup -->
        <test-method signature="Title()[pri:1, instance:layertest.testdemo@1fa268de]" started-at="2022-02-01T14:47:00 EST" name="Title" finished-at="2022-02-01T14:47:00 EST" duration-ms="41" status="PASS">
          <reporter-output>
          </reporter-output>
        </test-method> <!-- Title -->
        <test-method signature="Signup()[pri:2, instance:layertest.testdemo@1fa268de]" started-at="2022-02-01T14:47:00 EST" name="Signup" finished-at="2022-02-01T14:47:05 EST" duration-ms="5392" status="PASS">
          <reporter-output>
          </reporter-output>
        </test-method> <!-- Signup -->
        <test-method signature="alert()[pri:3, instance:layertest.testdemo@1fa268de]" started-at="2022-02-01T14:47:05 EST" name="alert" finished-at="2022-02-01T14:47:09 EST" duration-ms="4097" status="PASS">
          <reporter-output>
          </reporter-output>
        </test-method> <!-- alert -->
        <test-method signature="login()[pri:4, instance:layertest.testdemo@1fa268de]" started-at="2022-02-01T14:47:09 EST" name="login" finished-at="2022-02-01T14:47:15 EST" duration-ms="5437" status="PASS">
          <reporter-output>
          </reporter-output>
        </test-method> <!-- login -->
        <test-method signature="laptop()[pri:5, instance:layertest.testdemo@1fa268de]" started-at="2022-02-01T14:47:15 EST" name="laptop" finished-at="2022-02-01T14:47:19 EST" duration-ms="4525" status="PASS">
          <reporter-output>
          </reporter-output>
        </test-method> <!-- laptop -->
        <test-method signature="cart()[pri:6, instance:layertest.testdemo@1fa268de]" started-at="2022-02-01T14:47:19 EST" name="cart" finished-at="2022-02-01T14:47:27 EST" duration-ms="7579" status="PASS">
          <reporter-output>
          </reporter-output>
        </test-method> <!-- cart -->
        <test-method is-config="true" signature="close()[pri:0, instance:layertest.testdemo@1fa268de]" started-at="2022-02-01T14:47:27 EST" name="close" finished-at="2022-02-01T14:47:27 EST" duration-ms="159" status="PASS">
          <reporter-output>
          </reporter-output>
        </test-method> <!-- close -->
      </class> <!-- layertest.testdemo -->
    </test> <!-- Default test -->
  </suite> <!-- Default suite -->
</testng-results>
